system   D            wsystem.c:633  _al_win_safe_load_library        [   0.00092] PathFindOnPath found: C:\WINDOWS\system32\d3d9.dll
system   D            wsystem.c:544  load_library_at_path             [   0.00116] Calling LoadLibrary C:\WINDOWS\system32\d3d9.dll
system   I            wsystem.c:547  load_library_at_path             [   0.00432] Loaded C:\WINDOWS\system32\d3d9.dll
d3d      I         d3d_disp.cpp:696  _al_d3d_init_display             [   0.01370] Render-to-texture: 1
system   I             system.c:252  al_install_system                [   0.01379] Allegro version: 5.0.10
d3d      I         d3d_disp.cpp:1737 d3d_create_display_locked        [   0.01524] faux_fullscreen=0
d3d      D         d3d_disp.cpp:1738 d3d_create_display_locked        [   0.01528] al_display=0036DAC8
d3d      D         d3d_disp.cpp:1739 d3d_create_display_locked        [   0.01530] al_display->vt=0033BC08
d3d      I d3d_display_formats.cpp:144  _al_d3d_generate_display_format_list [   0.01770] found 64 format combinations
display  D   display_settings.c:191  debug_display_settings           [   0.01775] color: 32 (rgba 8880), depth: 0, stencil: 0, acc: 0000, samples: 0/0
display  D   display_settings.c:506  _al_score_display_settings       [   0.01779] Score is : 897
display  D   display_settings.c:191  debug_display_settings           [   0.01781] color: 32 (rgba 8880), depth: 0, stencil: 0, acc: 0000, samples: 0/0
display  D   display_settings.c:506  _al_score_display_settings       [   0.01784] Score is : 897
display  D   display_settings.c:191  debug_display_settings           [   0.01786] color: 32 (rgba 8880), depth: 24, stencil: 8, acc: 0000, samples: 0/0
display  D   display_settings.c:506  _al_score_display_settings       [   0.01789] Score is : 897
display  D   display_settings.c:191  debug_display_settings           [   0.01791] color: 32 (rgba 8880), depth: 24, stencil: 8, acc: 0000, samples: 0/0
display  D   display_settings.c:506  _al_score_display_settings       [   0.01793] Score is : 897
display  D   display_settings.c:191  debug_display_settings           [   0.01796] color: 32 (rgba 8880), depth: 24, stencil: 0, acc: 0000, samples: 0/0
display  D   display_settings.c:506  _al_score_display_settings       [   0.01798] Score is : 897
display  D   display_settings.c:191  debug_display_settings           [   0.01800] color: 32 (rgba 8880), depth: 24, stencil: 0, acc: 0000, samples: 0/0
display  D   display_settings.c:506  _al_score_display_settings       [   0.01803] Score is : 897
display  D   display_settings.c:191  debug_display_settings           [   0.01806] color: 32 (rgba 8880), depth: 16, stencil: 0, acc: 0000, samples: 0/0
display  D   display_settings.c:506  _al_score_display_settings       [   0.01808] Score is : 897
display  D   display_settings.c:191  debug_display_settings           [   0.01811] color: 32 (rgba 8880), depth: 16, stencil: 0, acc: 0000, samples: 0/0
display  D   display_settings.c:506  _al_score_display_settings       [   0.01813] Score is : 897
display  D   display_settings.c:191  debug_display_settings           [   0.01815] color: 16 (rgba 5650), depth: 0, stencil: 0, acc: 0000, samples: 0/0
display  D   display_settings.c:506  _al_score_display_settings       [   0.01818] Score is : 897
display  D   display_settings.c:191  debug_display_settings           [   0.01822] color: 16 (rgba 5650), depth: 0, stencil: 0, acc: 0000, samples: 0/0
display  D   display_settings.c:506  _al_score_display_settings       [   0.01825] Score is : 897
display  D   display_settings.c:191  debug_display_settings           [   0.01827] color: 16 (rgba 5650), depth: 24, stencil: 8, acc: 0000, samples: 0/0
display  D   display_settings.c:506  _al_score_display_settings       [   0.01830] Score is : 897
display  D   display_settings.c:191  debug_display_settings           [   0.01832] color: 16 (rgba 5650), depth: 24, stencil: 8, acc: 0000, samples: 0/0
display  D   display_settings.c:506  _al_score_display_settings       [   0.01835] Score is : 897
display  D   display_settings.c:191  debug_display_settings           [   0.01837] color: 16 (rgba 5650), depth: 24, stencil: 0, acc: 0000, samples: 0/0
display  D   display_settings.c:506  _al_score_display_settings       [   0.01847] Score is : 897
display  D   display_settings.c:191  debug_display_settings           [   0.01850] color: 16 (rgba 5650), depth: 24, stencil: 0, acc: 0000, samples: 0/0
display  D   display_settings.c:506  _al_score_display_settings       [   0.01853] Score is : 897
display  D   display_settings.c:191  debug_display_settings           [   0.01855] color: 16 (rgba 5650), depth: 16, stencil: 0, acc: 0000, samples: 0/0
display  D   display_settings.c:506  _al_score_display_settings       [   0.01858] Score is : 897
display  D   display_settings.c:191  debug_display_settings           [   0.01860] color: 16 (rgba 5650), depth: 16, stencil: 0, acc: 0000, samples: 0/0
display  D   display_settings.c:506  _al_score_display_settings       [   0.01863] Score is : 897
display  D   display_settings.c:191  debug_display_settings           [   0.01865] color: 32 (rgba 8880), depth: 0, stencil: 0, acc: 0000, samples: 0/0
display  D   display_settings.c:377  _al_score_display_settings       [   0.01868] Single Buffer requirement not met.
display  D   display_settings.c:191  debug_display_settings           [   0.01870] color: 32 (rgba 8880), depth: 0, stencil: 0, acc: 0000, samples: 0/0
display  D   display_settings.c:377  _al_score_display_settings       [   0.01873] Single Buffer requirement not met.
display  D   display_settings.c:191  debug_display_settings           [   0.01875] color: 32 (rgba 8880), depth: 24, stencil: 8, acc: 0000, samples: 0/0
display  D   display_settings.c:377  _al_score_display_settings       [   0.01878] Single Buffer requirement not met.
display  D   display_settings.c:191  debug_display_settings           [   0.01880] color: 32 (rgba 8880), depth: 24, stencil: 8, acc: 0000, samples: 0/0
display  D   display_settings.c:377  _al_score_display_settings       [   0.01882] Single Buffer requirement not met.
display  D   display_settings.c:191  debug_display_settings           [   0.01885] color: 32 (rgba 8880), depth: 24, stencil: 0, acc: 0000, samples: 0/0
display  D   display_settings.c:377  _al_score_display_settings       [   0.01887] Single Buffer requirement not met.
display  D   display_settings.c:191  debug_display_settings           [   0.01890] color: 32 (rgba 8880), depth: 24, stencil: 0, acc: 0000, samples: 0/0
display  D   display_settings.c:377  _al_score_display_settings       [   0.01892] Single Buffer requirement not met.
display  D   display_settings.c:191  debug_display_settings           [   0.01894] color: 32 (rgba 8880), depth: 16, stencil: 0, acc: 0000, samples: 0/0
display  D   display_settings.c:377  _al_score_display_settings       [   0.01897] Single Buffer requirement not met.
display  D   display_settings.c:191  debug_display_settings           [   0.01899] color: 32 (rgba 8880), depth: 16, stencil: 0, acc: 0000, samples: 0/0
display  D   display_settings.c:377  _al_score_display_settings       [   0.01902] Single Buffer requirement not met.
display  D   display_settings.c:191  debug_display_settings           [   0.01904] color: 16 (rgba 5650), depth: 0, stencil: 0, acc: 0000, samples: 0/0
display  D   display_settings.c:377  _al_score_display_settings       [   0.01907] Single Buffer requirement not met.
display  D   display_settings.c:191  debug_display_settings           [   0.01909] color: 16 (rgba 5650), depth: 0, stencil: 0, acc: 0000, samples: 0/0
display  D   display_settings.c:377  _al_score_display_settings       [   0.01912] Single Buffer requirement not met.
display  D   display_settings.c:191  debug_display_settings           [   0.01914] color: 16 (rgba 5650), depth: 24, stencil: 8, acc: 0000, samples: 0/0
display  D   display_settings.c:377  _al_score_display_settings       [   0.01917] Single Buffer requirement not met.
display  D   display_settings.c:191  debug_display_settings           [   0.01919] color: 16 (rgba 5650), depth: 24, stencil: 8, acc: 0000, samples: 0/0
display  D   display_settings.c:377  _al_score_display_settings       [   0.01924] Single Buffer requirement not met.
display  D   display_settings.c:191  debug_display_settings           [   0.01927] color: 16 (rgba 5650), depth: 24, stencil: 0, acc: 0000, samples: 0/0
display  D   display_settings.c:377  _al_score_display_settings       [   0.01930] Single Buffer requirement not met.
display  D   display_settings.c:191  debug_display_settings           [   0.01932] color: 16 (rgba 5650), depth: 24, stencil: 0, acc: 0000, samples: 0/0
display  D   display_settings.c:377  _al_score_display_settings       [   0.01935] Single Buffer requirement not met.
display  D   display_settings.c:191  debug_display_settings           [   0.01937] color: 16 (rgba 5650), depth: 16, stencil: 0, acc: 0000, samples: 0/0
display  D   display_settings.c:377  _al_score_display_settings       [   0.01939] Single Buffer requirement not met.
display  D   display_settings.c:191  debug_display_settings           [   0.01942] color: 16 (rgba 5650), depth: 16, stencil: 0, acc: 0000, samples: 0/0
display  D   display_settings.c:377  _al_score_display_settings       [   0.01944] Single Buffer requirement not met.
display  D   display_settings.c:191  debug_display_settings           [   0.01946] color: 32 (rgba 8880), depth: 0, stencil: 0, acc: 0000, samples: 0/0
display  D   display_settings.c:506  _al_score_display_settings       [   0.01949] Score is : 769
display  D   display_settings.c:191  debug_display_settings           [   0.01951] color: 32 (rgba 8880), depth: 0, stencil: 0, acc: 0000, samples: 0/0
display  D   display_settings.c:506  _al_score_display_settings       [   0.01954] Score is : 769
display  D   display_settings.c:191  debug_display_settings           [   0.01956] color: 32 (rgba 8880), depth: 24, stencil: 8, acc: 0000, samples: 0/0
display  D   display_settings.c:506  _al_score_display_settings       [   0.01959] Score is : 769
display  D   display_settings.c:191  debug_display_settings           [   0.01961] color: 32 (rgba 8880), depth: 24, stencil: 8, acc: 0000, samples: 0/0
display  D   display_settings.c:506  _al_score_display_settings       [   0.01966] Score is : 769
display  D   display_settings.c:191  debug_display_settings           [   0.01970] color: 32 (rgba 8880), depth: 24, stencil: 0, acc: 0000, samples: 0/0
display  D   display_settings.c:506  _al_score_display_settings       [   0.01974] Score is : 769
display  D   display_settings.c:191  debug_display_settings           [   0.01977] color: 32 (rgba 8880), depth: 24, stencil: 0, acc: 0000, samples: 0/0
display  D   display_settings.c:506  _al_score_display_settings       [   0.01982] Score is : 769
display  D   display_settings.c:191  debug_display_settings           [   0.01985] color: 32 (rgba 8880), depth: 16, stencil: 0, acc: 0000, samples: 0/0
display  D   display_settings.c:506  _al_score_display_settings       [   0.01989] Score is : 769
display  D   display_settings.c:191  debug_display_settings           [   0.01992] color: 32 (rgba 8880), depth: 16, stencil: 0, acc: 0000, samples: 0/0
display  D   display_settings.c:506  _al_score_display_settings       [   0.01996] Score is : 769
display  D   display_settings.c:191  debug_display_settings           [   0.01999] color: 16 (rgba 5650), depth: 0, stencil: 0, acc: 0000, samples: 0/0
display  D   display_settings.c:506  _al_score_display_settings       [   0.02004] Score is : 769
display  D   display_settings.c:191  debug_display_settings           [   0.02007] color: 16 (rgba 5650), depth: 0, stencil: 0, acc: 0000, samples: 0/0
display  D   display_settings.c:506  _al_score_display_settings       [   0.02011] Score is : 769
display  D   display_settings.c:191  debug_display_settings           [   0.02014] color: 16 (rgba 5650), depth: 24, stencil: 8, acc: 0000, samples: 0/0
display  D   display_settings.c:506  _al_score_display_settings       [   0.02018] Score is : 769
display  D   display_settings.c:191  debug_display_settings           [   0.02023] color: 16 (rgba 5650), depth: 24, stencil: 8, acc: 0000, samples: 0/0
display  D   display_settings.c:506  _al_score_display_settings       [   0.02029] Score is : 769
display  D   display_settings.c:191  debug_display_settings           [   0.02033] color: 16 (rgba 5650), depth: 24, stencil: 0, acc: 0000, samples: 0/0
display  D   display_settings.c:506  _al_score_display_settings       [   0.02038] Score is : 769
display  D   display_settings.c:191  debug_display_settings           [   0.02041] color: 16 (rgba 5650), depth: 24, stencil: 0, acc: 0000, samples: 0/0
display  D   display_settings.c:506  _al_score_display_settings       [   0.02045] Score is : 769
display  D   display_settings.c:191  debug_display_settings           [   0.02049] color: 16 (rgba 5650), depth: 16, stencil: 0, acc: 0000, samples: 0/0
display  D   display_settings.c:506  _al_score_display_settings       [   0.02053] Score is : 769
display  D   display_settings.c:191  debug_display_settings           [   0.02057] color: 16 (rgba 5650), depth: 16, stencil: 0, acc: 0000, samples: 0/0
display  D   display_settings.c:506  _al_score_display_settings       [   0.02061] Score is : 769
display  D   display_settings.c:191  debug_display_settings           [   0.02065] color: 32 (rgba 8880), depth: 0, stencil: 0, acc: 0000, samples: 0/0
display  D   display_settings.c:377  _al_score_display_settings       [   0.02069] Single Buffer requirement not met.
display  D   display_settings.c:191  debug_display_settings           [   0.02073] color: 32 (rgba 8880), depth: 0, stencil: 0, acc: 0000, samples: 0/0
display  D   display_settings.c:377  _al_score_display_settings       [   0.02078] Single Buffer requirement not met.
display  D   display_settings.c:191  debug_display_settings           [   0.02081] color: 32 (rgba 8880), depth: 24, stencil: 8, acc: 0000, samples: 0/0
display  D   display_settings.c:377  _al_score_display_settings       [   0.02086] Single Buffer requirement not met.
display  D   display_settings.c:191  debug_display_settings           [   0.02090] color: 32 (rgba 8880), depth: 24, stencil: 8, acc: 0000, samples: 0/0
display  D   display_settings.c:377  _al_score_display_settings       [   0.02094] Single Buffer requirement not met.
display  D   display_settings.c:191  debug_display_settings           [   0.02098] color: 32 (rgba 8880), depth: 24, stencil: 0, acc: 0000, samples: 0/0
display  D   display_settings.c:377  _al_score_display_settings       [   0.02102] Single Buffer requirement not met.
display  D   display_settings.c:191  debug_display_settings           [   0.02106] color: 32 (rgba 8880), depth: 24, stencil: 0, acc: 0000, samples: 0/0
display  D   display_settings.c:377  _al_score_display_settings       [   0.02110] Single Buffer requirement not met.
display  D   display_settings.c:191  debug_display_settings           [   0.02113] color: 32 (rgba 8880), depth: 16, stencil: 0, acc: 0000, samples: 0/0
display  D   display_settings.c:377  _al_score_display_settings       [   0.02118] Single Buffer requirement not met.
display  D   display_settings.c:191  debug_display_settings           [   0.02123] color: 32 (rgba 8880), depth: 16, stencil: 0, acc: 0000, samples: 0/0
display  D   display_settings.c:377  _al_score_display_settings       [   0.02127] Single Buffer requirement not met.
display  D   display_settings.c:191  debug_display_settings           [   0.02131] color: 16 (rgba 5650), depth: 0, stencil: 0, acc: 0000, samples: 0/0
display  D   display_settings.c:377  _al_score_display_settings       [   0.02135] Single Buffer requirement not met.
display  D   display_settings.c:191  debug_display_settings           [   0.02139] color: 16 (rgba 5650), depth: 0, stencil: 0, acc: 0000, samples: 0/0
display  D   display_settings.c:377  _al_score_display_settings       [   0.02143] Single Buffer requirement not met.
display  D   display_settings.c:191  debug_display_settings           [   0.02146] color: 16 (rgba 5650), depth: 24, stencil: 8, acc: 0000, samples: 0/0
display  D   display_settings.c:377  _al_score_display_settings       [   0.02150] Single Buffer requirement not met.
display  D   display_settings.c:191  debug_display_settings           [   0.02169] color: 16 (rgba 5650), depth: 24, stencil: 8, acc: 0000, samples: 0/0
display  D   display_settings.c:377  _al_score_display_settings       [   0.02176] Single Buffer requirement not met.
display  D   display_settings.c:191  debug_display_settings           [   0.02180] color: 16 (rgba 5650), depth: 24, stencil: 0, acc: 0000, samples: 0/0
display  D   display_settings.c:377  _al_score_display_settings       [   0.02184] Single Buffer requirement not met.
display  D   display_settings.c:191  debug_display_settings           [   0.02187] color: 16 (rgba 5650), depth: 24, stencil: 0, acc: 0000, samples: 0/0
display  D   display_settings.c:377  _al_score_display_settings       [   0.02190] Single Buffer requirement not met.
display  D   display_settings.c:191  debug_display_settings           [   0.02192] color: 16 (rgba 5650), depth: 16, stencil: 0, acc: 0000, samples: 0/0
display  D   display_settings.c:377  _al_score_display_settings       [   0.02195] Single Buffer requirement not met.
display  D   display_settings.c:191  debug_display_settings           [   0.02197] color: 16 (rgba 5650), depth: 16, stencil: 0, acc: 0000, samples: 0/0
display  D   display_settings.c:377  _al_score_display_settings       [   0.02200] Single Buffer requirement not met.
display  W   display_settings.c:654  _al_deduce_color_format          [   0.02205] Could not deduce color format, sizes = (0,0,0,0,0), shifts = (0,0,0,0)
display  W   display_settings.c:654  _al_deduce_color_format          [   0.02276] Could not deduce color format, sizes = (0,0,0,0,0), shifts = (0,0,0,0)
display  W   display_settings.c:654  _al_deduce_color_format          [   0.02334] Could not deduce color format, sizes = (0,0,0,0,0), shifts = (0,0,0,0)
d3d      D         d3d_disp.cpp:1645 d3d_create_display_internals     [   0.02363] Trying format 0.
d3d      I         d3d_disp.cpp:1326 d3d_display_thread_proc          [   0.02408] Chose a display format: 23
d3d      I         d3d_disp.cpp:1395 d3d_display_thread_proc          [   0.02416] Normal window.
d3d      D         d3d_disp.cpp:1423 d3d_display_thread_proc          [   0.03396] Creating real fullscreen device
d3d      I         d3d_disp.cpp:588  d3d_create_fullscreen_device     [   0.12380] Fullscreen Direct3D device created.
d3d      I         d3d_disp.cpp:1431 d3d_display_thread_proc          [   0.12393] Real fullscreen device created
d3d      D         d3d_disp.cpp:1668 d3d_create_display_internals     [   0.12404] Resumed after wait.
d3d      I         d3d_disp.cpp:1701 d3d_create_display_internals     [   0.12417] Format 0 succeeded.
d3d      D         d3d_disp.cpp:1724 d3d_create_display_internals     [   0.12425] Returning d3d_display: 0036DAC8
d3d      D         d3d_disp.cpp:1749 d3d_create_display_locked        [   0.12431] al_display=0036DAC8
d3d      D         d3d_disp.cpp:1750 d3d_create_display_locked        [   0.12435] al_display->vt=0033BC08
audio-dsound D           dsound.cpp:244  _dsound_open                     [   0.12747] Loading DirectSound module
system   D            wsystem.c:633  _al_win_safe_load_library        [   0.12790] PathFindOnPath found: C:\WINDOWS\system32\dsound.dll
system   D            wsystem.c:544  load_library_at_path             [   0.12794] Calling LoadLibrary C:\WINDOWS\system32\dsound.dll
system   I            wsystem.c:547  load_library_at_path             [   0.12926] Loaded C:\WINDOWS\system32\dsound.dll
audio-dsound I           dsound.cpp:261  _dsound_open                     [   0.12933] Starting DirectSound...
audio-dsound D           dsound.cpp:271  _dsound_open                     [   0.14802] DirectSoundCreate8 succeeded
audio    I              audio.c:288  do_install_audio                 [   0.15061] Using DirectSound driver
font     D                ttf.c:792  al_load_ttf_font_stretch_f       [   0.15141] Font interstate-black_0.ttf loaded with pixel size 0 x 55.
font     D                ttf.c:794  al_load_ttf_font_stretch_f       [   0.15146]     ascent=51.0, descent=-11.0, height=66.0
dtor     D               dtor.c:184  _al_register_destructor          [   0.15151] added dtor for object 0462E288, func 0F681B3B
d3d      D         d3d_disp.cpp:1166 real_choose_bitmap_format        [   0.15185] Fake format
d3d      D         d3d_disp.cpp:1166 real_choose_bitmap_format        [   0.15188] Fake format
d3d      D         d3d_disp.cpp:1166 real_choose_bitmap_format        [   0.15190] Fake format
d3d      D         d3d_disp.cpp:1166 real_choose_bitmap_format        [   0.15192] Fake format
d3d      D         d3d_disp.cpp:1166 real_choose_bitmap_format        [   0.15194] Fake format
d3d      D         d3d_disp.cpp:1166 real_choose_bitmap_format        [   0.15196] Fake format
d3d      D         d3d_disp.cpp:1166 real_choose_bitmap_format        [   0.15198] Fake format
d3d      D         d3d_disp.cpp:1166 real_choose_bitmap_format        [   0.15200] Fake format
d3d      D         d3d_disp.cpp:1166 real_choose_bitmap_format        [   0.15202] Fake format
d3d      D         d3d_disp.cpp:1174 real_choose_bitmap_format        [   0.15204] Alpha doesn't match
d3d      D         d3d_disp.cpp:1181 real_choose_bitmap_format        [   0.15206] Adapter format is 23
d3d      D         d3d_disp.cpp:1184 real_choose_bitmap_format        [   0.15208] Found a format
d3d      I         d3d_disp.cpp:2283 _al_d3d_create_bitmap            [   0.15211] Chose bitmap format 9
font     D                ttf.c:217  alloc_glyph_region               [   0.15279] Glyph 67: 30x41 (32x44)
d3d      D          d3d_bmp.cpp:467  _al_d3d_sync_bitmap              [   0.15716] _al_d3d_sync_bitmap (system) ref count == 1
d3d      D          d3d_bmp.cpp:473  _al_d3d_sync_bitmap              [   0.15720] _al_d3d_sync_bitmap (video) ref count == 2
font     D                ttf.c:217  alloc_glyph_region               [   0.16029] Glyph 70: 38x42 (40x44)
d3d      D          d3d_bmp.cpp:467  _al_d3d_sync_bitmap              [   0.16819] _al_d3d_sync_bitmap (system) ref count == 1
d3d      D          d3d_bmp.cpp:473  _al_d3d_sync_bitmap              [   0.16826] _al_d3d_sync_bitmap (video) ref count == 2
font     D                ttf.c:217  alloc_glyph_region               [   0.17073] Glyph 56: 42x41 (44x44)
d3d      D          d3d_bmp.cpp:467  _al_d3d_sync_bitmap              [   0.17118] _al_d3d_sync_bitmap (system) ref count == 1
d3d      D          d3d_bmp.cpp:473  _al_d3d_sync_bitmap              [   0.17123] _al_d3d_sync_bitmap (video) ref count == 2
font     D                ttf.c:217  alloc_glyph_region               [   0.17218] Glyph 59: 35x41 (36x44)
d3d      D          d3d_bmp.cpp:467  _al_d3d_sync_bitmap              [   0.17298] _al_d3d_sync_bitmap (system) ref count == 1
d3d      D          d3d_bmp.cpp:473  _al_d3d_sync_bitmap              [   0.17302] _al_d3d_sync_bitmap (video) ref count == 2
font     D                ttf.c:217  alloc_glyph_region               [   0.17392] Glyph 64: 12x41 (12x44)
d3d      D          d3d_bmp.cpp:467  _al_d3d_sync_bitmap              [   0.17419] _al_d3d_sync_bitmap (system) ref count == 1
d3d      D          d3d_bmp.cpp:473  _al_d3d_sync_bitmap              [   0.17423] _al_d3d_sync_bitmap (video) ref count == 2
font     D                ttf.c:217  alloc_glyph_region               [   0.17509] Glyph 69: 37x41 (40x44)
d3d      D          d3d_bmp.cpp:467  _al_d3d_sync_bitmap              [   0.18040] _al_d3d_sync_bitmap (system) ref count == 1
d3d      D          d3d_bmp.cpp:473  _al_d3d_sync_bitmap              [   0.18047] _al_d3d_sync_bitmap (video) ref count == 2
font     D                ttf.c:217  alloc_glyph_region               [   0.18150] Glyph 62: 38x42 (40x44)
d3d      D          d3d_bmp.cpp:467  _al_d3d_sync_bitmap              [   0.18178] _al_d3d_sync_bitmap (system) ref count == 1
d3d      D          d3d_bmp.cpp:473  _al_d3d_sync_bitmap              [   0.18182] _al_d3d_sync_bitmap (video) ref count == 2
font     D                ttf.c:217  alloc_glyph_region               [   0.18272] Glyph 37: 15x15 (16x16)
d3d      D          d3d_bmp.cpp:467  _al_d3d_sync_bitmap              [   0.18297] _al_d3d_sync_bitmap (system) ref count == 1
d3d      D          d3d_bmp.cpp:473  _al_d3d_sync_bitmap              [   0.18301] _al_d3d_sync_bitmap (video) ref count == 2
d3d      D          d3d_bmp.cpp:467  _al_d3d_sync_bitmap              [   0.18468] _al_d3d_sync_bitmap (system) ref count == 1
d3d      D          d3d_bmp.cpp:473  _al_d3d_sync_bitmap              [   0.18474] _al_d3d_sync_bitmap (video) ref count == 2
font     D                ttf.c:792  al_load_ttf_font_stretch_f       [   0.18683] Font interstate-black_0.ttf loaded with pixel size 0 x 125.
font     D                ttf.c:794  al_load_ttf_font_stretch_f       [   0.18688]     ascent=116.0, descent=-25.0, height=151.0
dtor     D               dtor.c:184  _al_register_destructor          [   0.18692] added dtor for object 0462DD10, func 0F681B3B
font     D                ttf.c:792  al_load_ttf_font_stretch_f       [   0.18741] Font interstate-black_0.ttf loaded with pixel size 0 x 35.
font     D                ttf.c:794  al_load_ttf_font_stretch_f       [   0.18744]     ascent=32.0, descent=-7.0, height=42.0
dtor     D               dtor.c:184  _al_register_destructor          [   0.18748] added dtor for object 0462DD48, func 0F681B3B
font     D                ttf.c:792  al_load_ttf_font_stretch_f       [   0.18798] Font interstate-black_0.ttf loaded with pixel size 0 x 15.
font     D                ttf.c:794  al_load_ttf_font_stretch_f       [   0.18801]     ascent=14.0, descent=-3.0, height=18.0
dtor     D               dtor.c:184  _al_register_destructor          [   0.18805] added dtor for object 0462DED0, func 0F681B3B
d3d      D         d3d_disp.cpp:1166 real_choose_bitmap_format        [   0.18960] Fake format
d3d      D         d3d_disp.cpp:1166 real_choose_bitmap_format        [   0.18963] Fake format
d3d      D         d3d_disp.cpp:1166 real_choose_bitmap_format        [   0.18966] Fake format
d3d      D         d3d_disp.cpp:1166 real_choose_bitmap_format        [   0.18968] Fake format
d3d      D         d3d_disp.cpp:1166 real_choose_bitmap_format        [   0.18970] Fake format
d3d      D         d3d_disp.cpp:1166 real_choose_bitmap_format        [   0.18972] Fake format
d3d      D         d3d_disp.cpp:1166 real_choose_bitmap_format        [   0.18974] Fake format
d3d      D         d3d_disp.cpp:1166 real_choose_bitmap_format        [   0.18975] Fake format
d3d      D         d3d_disp.cpp:1166 real_choose_bitmap_format        [   0.18977] Fake format
d3d      D         d3d_disp.cpp:1174 real_choose_bitmap_format        [   0.18979] Alpha doesn't match
d3d      D         d3d_disp.cpp:1181 real_choose_bitmap_format        [   0.18981] Adapter format is 23
d3d      D         d3d_disp.cpp:1184 real_choose_bitmap_format        [   0.18984] Found a format
d3d      I         d3d_disp.cpp:2283 _al_d3d_create_bitmap            [   0.18986] Chose bitmap format 9
dtor     D               dtor.c:184  _al_register_destructor          [   0.19003] added dtor for object 04F08460, func 0F682595
d3d      D          d3d_bmp.cpp:467  _al_d3d_sync_bitmap              [   0.19050] _al_d3d_sync_bitmap (system) ref count == 1
d3d      D          d3d_bmp.cpp:473  _al_d3d_sync_bitmap              [   0.19055] _al_d3d_sync_bitmap (video) ref count == 1
d3d      D         d3d_disp.cpp:1166 real_choose_bitmap_format        [   0.19154] Fake format
d3d      D         d3d_disp.cpp:1166 real_choose_bitmap_format        [   0.19158] Fake format
d3d      D         d3d_disp.cpp:1166 real_choose_bitmap_format        [   0.19160] Fake format
d3d      D         d3d_disp.cpp:1166 real_choose_bitmap_format        [   0.19162] Fake format
d3d      D         d3d_disp.cpp:1166 real_choose_bitmap_format        [   0.19164] Fake format
d3d      D         d3d_disp.cpp:1166 real_choose_bitmap_format        [   0.19166] Fake format
d3d      D         d3d_disp.cpp:1166 real_choose_bitmap_format        [   0.19168] Fake format
d3d      D         d3d_disp.cpp:1166 real_choose_bitmap_format        [   0.19170] Fake format
d3d      D         d3d_disp.cpp:1166 real_choose_bitmap_format        [   0.19173] Fake format
d3d      D         d3d_disp.cpp:1174 real_choose_bitmap_format        [   0.19175] Alpha doesn't match
d3d      D         d3d_disp.cpp:1181 real_choose_bitmap_format        [   0.19177] Adapter format is 23
d3d      D         d3d_disp.cpp:1184 real_choose_bitmap_format        [   0.19179] Found a format
d3d      I         d3d_disp.cpp:2283 _al_d3d_create_bitmap            [   0.19181] Chose bitmap format 9
dtor     D               dtor.c:184  _al_register_destructor          [   0.19210] added dtor for object 046F3D78, func 0F682595
d3d      D          d3d_bmp.cpp:467  _al_d3d_sync_bitmap              [   0.19301] _al_d3d_sync_bitmap (system) ref count == 1
d3d      D          d3d_bmp.cpp:473  _al_d3d_sync_bitmap              [   0.19305] _al_d3d_sync_bitmap (video) ref count == 1
d3d      D         d3d_disp.cpp:1166 real_choose_bitmap_format        [   0.19451] Fake format
d3d      D         d3d_disp.cpp:1166 real_choose_bitmap_format        [   0.19455] Fake format
d3d      D         d3d_disp.cpp:1166 real_choose_bitmap_format        [   0.19457] Fake format
d3d      D         d3d_disp.cpp:1166 real_choose_bitmap_format        [   0.19459] Fake format
d3d      D         d3d_disp.cpp:1166 real_choose_bitmap_format        [   0.19461] Fake format
d3d      D         d3d_disp.cpp:1166 real_choose_bitmap_format        [   0.19463] Fake format
d3d      D         d3d_disp.cpp:1166 real_choose_bitmap_format        [   0.19465] Fake format
d3d      D         d3d_disp.cpp:1166 real_choose_bitmap_format        [   0.19467] Fake format
d3d      D         d3d_disp.cpp:1166 real_choose_bitmap_format        [   0.19469] Fake format
d3d      D         d3d_disp.cpp:1174 real_choose_bitmap_format        [   0.19471] Alpha doesn't match
d3d      D         d3d_disp.cpp:1181 real_choose_bitmap_format        [   0.19473] Adapter format is 23
d3d      D         d3d_disp.cpp:1184 real_choose_bitmap_format        [   0.19475] Found a format
d3d      I         d3d_disp.cpp:2283 _al_d3d_create_bitmap            [   0.19477] Chose bitmap format 9
dtor     D               dtor.c:184  _al_register_destructor          [   0.19512] added dtor for object 00302098, func 0F682595
d3d      D          d3d_bmp.cpp:467  _al_d3d_sync_bitmap              [   0.19593] _al_d3d_sync_bitmap (system) ref count == 1
d3d      D          d3d_bmp.cpp:473  _al_d3d_sync_bitmap              [   0.19596] _al_d3d_sync_bitmap (video) ref count == 1
d3d      D         d3d_disp.cpp:1166 real_choose_bitmap_format        [   0.19796] Fake format
d3d      D         d3d_disp.cpp:1166 real_choose_bitmap_format        [   0.19800] Fake format
d3d      D         d3d_disp.cpp:1166 real_choose_bitmap_format        [   0.19802] Fake format
d3d      D         d3d_disp.cpp:1166 real_choose_bitmap_format        [   0.19804] Fake format
d3d      D         d3d_disp.cpp:1166 real_choose_bitmap_format        [   0.19806] Fake format
d3d      D         d3d_disp.cpp:1166 real_choose_bitmap_format        [   0.19808] Fake format
d3d      D         d3d_disp.cpp:1166 real_choose_bitmap_format        [   0.19810] Fake format
d3d      D         d3d_disp.cpp:1166 real_choose_bitmap_format        [   0.19812] Fake format
d3d      D         d3d_disp.cpp:1166 real_choose_bitmap_format        [   0.19813] Fake format
d3d      D         d3d_disp.cpp:1174 real_choose_bitmap_format        [   0.19815] Alpha doesn't match
d3d      D         d3d_disp.cpp:1181 real_choose_bitmap_format        [   0.19818] Adapter format is 23
d3d      D         d3d_disp.cpp:1184 real_choose_bitmap_format        [   0.19820] Found a format
d3d      I         d3d_disp.cpp:2283 _al_d3d_create_bitmap            [   0.19822] Chose bitmap format 9
dtor     D               dtor.c:184  _al_register_destructor          [   0.19852] added dtor for object 046EE860, func 0F682595
d3d      D          d3d_bmp.cpp:467  _al_d3d_sync_bitmap              [   0.19985] _al_d3d_sync_bitmap (system) ref count == 1
d3d      D          d3d_bmp.cpp:473  _al_d3d_sync_bitmap              [   0.19990] _al_d3d_sync_bitmap (video) ref count == 1
d3d      D         d3d_disp.cpp:1166 real_choose_bitmap_format        [   0.20202] Fake format
d3d      D         d3d_disp.cpp:1166 real_choose_bitmap_format        [   0.20206] Fake format
d3d      D         d3d_disp.cpp:1166 real_choose_bitmap_format        [   0.20208] Fake format
d3d      D         d3d_disp.cpp:1166 real_choose_bitmap_format        [   0.20210] Fake format
d3d      D         d3d_disp.cpp:1166 real_choose_bitmap_format        [   0.20212] Fake format
d3d      D         d3d_disp.cpp:1166 real_choose_bitmap_format        [   0.20213] Fake format
d3d      D         d3d_disp.cpp:1166 real_choose_bitmap_format        [   0.20215] Fake format
d3d      D         d3d_disp.cpp:1166 real_choose_bitmap_format        [   0.20217] Fake format
d3d      D         d3d_disp.cpp:1166 real_choose_bitmap_format        [   0.20219] Fake format
d3d      D         d3d_disp.cpp:1174 real_choose_bitmap_format        [   0.20221] Alpha doesn't match
d3d      D         d3d_disp.cpp:1181 real_choose_bitmap_format        [   0.20223] Adapter format is 23
d3d      D         d3d_disp.cpp:1184 real_choose_bitmap_format        [   0.20225] Found a format
d3d      I         d3d_disp.cpp:2283 _al_d3d_create_bitmap            [   0.20227] Chose bitmap format 9
dtor     D               dtor.c:184  _al_register_destructor          [   0.20255] added dtor for object 046F7778, func 0F682595
d3d      D          d3d_bmp.cpp:467  _al_d3d_sync_bitmap              [   0.20351] _al_d3d_sync_bitmap (system) ref count == 1
d3d      D          d3d_bmp.cpp:473  _al_d3d_sync_bitmap              [   0.20356] _al_d3d_sync_bitmap (video) ref count == 1
d3d      D         d3d_disp.cpp:1166 real_choose_bitmap_format        [   0.20554] Fake format
d3d      D         d3d_disp.cpp:1166 real_choose_bitmap_format        [   0.20558] Fake format
d3d      D         d3d_disp.cpp:1166 real_choose_bitmap_format        [   0.20560] Fake format
d3d      D         d3d_disp.cpp:1166 real_choose_bitmap_format        [   0.20562] Fake format
d3d      D         d3d_disp.cpp:1166 real_choose_bitmap_format        [   0.20564] Fake format
d3d      D         d3d_disp.cpp:1166 real_choose_bitmap_format        [   0.20566] Fake format
d3d      D         d3d_disp.cpp:1166 real_choose_bitmap_format        [   0.20567] Fake format
d3d      D         d3d_disp.cpp:1166 real_choose_bitmap_format        [   0.20569] Fake format
d3d      D         d3d_disp.cpp:1166 real_choose_bitmap_format        [   0.20571] Fake format
d3d      D         d3d_disp.cpp:1174 real_choose_bitmap_format        [   0.20573] Alpha doesn't match
d3d      D         d3d_disp.cpp:1181 real_choose_bitmap_format        [   0.20575] Adapter format is 23
d3d      D         d3d_disp.cpp:1184 real_choose_bitmap_format        [   0.20577] Found a format
d3d      I         d3d_disp.cpp:2283 _al_d3d_create_bitmap            [   0.20579] Chose bitmap format 9
dtor     D               dtor.c:184  _al_register_destructor          [   0.20595] added dtor for object 04F95620, func 0F682595
d3d      D          d3d_bmp.cpp:467  _al_d3d_sync_bitmap              [   0.20646] _al_d3d_sync_bitmap (system) ref count == 1
d3d      D          d3d_bmp.cpp:473  _al_d3d_sync_bitmap              [   0.20651] _al_d3d_sync_bitmap (video) ref count == 1
d3d      D         d3d_disp.cpp:1166 real_choose_bitmap_format        [   0.20765] Fake format
d3d      D         d3d_disp.cpp:1166 real_choose_bitmap_format        [   0.20768] Fake format
d3d      D         d3d_disp.cpp:1166 real_choose_bitmap_format        [   0.20770] Fake format
d3d      D         d3d_disp.cpp:1166 real_choose_bitmap_format        [   0.20772] Fake format
d3d      D         d3d_disp.cpp:1166 real_choose_bitmap_format        [   0.20774] Fake format
d3d      D         d3d_disp.cpp:1166 real_choose_bitmap_format        [   0.20776] Fake format
d3d      D         d3d_disp.cpp:1166 real_choose_bitmap_format        [   0.20779] Fake format
d3d      D         d3d_disp.cpp:1166 real_choose_bitmap_format        [   0.20781] Fake format
d3d      D         d3d_disp.cpp:1166 real_choose_bitmap_format        [   0.20783] Fake format
d3d      D         d3d_disp.cpp:1174 real_choose_bitmap_format        [   0.20785] Alpha doesn't match
d3d      D         d3d_disp.cpp:1181 real_choose_bitmap_format        [   0.20786] Adapter format is 23
d3d      D         d3d_disp.cpp:1184 real_choose_bitmap_format        [   0.20789] Found a format
d3d      I         d3d_disp.cpp:2283 _al_d3d_create_bitmap            [   0.20791] Chose bitmap format 9
dtor     D               dtor.c:184  _al_register_destructor          [   0.20805] added dtor for object 046ECE58, func 0F682595
d3d      D          d3d_bmp.cpp:467  _al_d3d_sync_bitmap              [   0.20844] _al_d3d_sync_bitmap (system) ref count == 1
d3d      D          d3d_bmp.cpp:473  _al_d3d_sync_bitmap              [   0.20847] _al_d3d_sync_bitmap (video) ref count == 1
d3d      D         d3d_disp.cpp:1166 real_choose_bitmap_format        [   0.20938] Fake format
d3d      D         d3d_disp.cpp:1166 real_choose_bitmap_format        [   0.20941] Fake format
d3d      D         d3d_disp.cpp:1166 real_choose_bitmap_format        [   0.20943] Fake format
d3d      D         d3d_disp.cpp:1166 real_choose_bitmap_format        [   0.20945] Fake format
d3d      D         d3d_disp.cpp:1166 real_choose_bitmap_format        [   0.20947] Fake format
d3d      D         d3d_disp.cpp:1166 real_choose_bitmap_format        [   0.20949] Fake format
d3d      D         d3d_disp.cpp:1166 real_choose_bitmap_format        [   0.20951] Fake format
d3d      D         d3d_disp.cpp:1166 real_choose_bitmap_format        [   0.20952] Fake format
d3d      D         d3d_disp.cpp:1166 real_choose_bitmap_format        [   0.20954] Fake format
d3d      D         d3d_disp.cpp:1174 real_choose_bitmap_format        [   0.20956] Alpha doesn't match
d3d      D         d3d_disp.cpp:1181 real_choose_bitmap_format        [   0.20958] Adapter format is 23
d3d      D         d3d_disp.cpp:1184 real_choose_bitmap_format        [   0.20960] Found a format
d3d      I         d3d_disp.cpp:2283 _al_d3d_create_bitmap            [   0.20962] Chose bitmap format 9
dtor     D               dtor.c:184  _al_register_destructor          [   0.20976] added dtor for object 046F3B90, func 0F682595
d3d      D          d3d_bmp.cpp:467  _al_d3d_sync_bitmap              [   0.21012] _al_d3d_sync_bitmap (system) ref count == 1
d3d      D          d3d_bmp.cpp:473  _al_d3d_sync_bitmap              [   0.21016] _al_d3d_sync_bitmap (video) ref count == 1
d3d      D         d3d_disp.cpp:1166 real_choose_bitmap_format        [   0.21111] Fake format
d3d      D         d3d_disp.cpp:1166 real_choose_bitmap_format        [   0.21114] Fake format
d3d      D         d3d_disp.cpp:1166 real_choose_bitmap_format        [   0.21116] Fake format
d3d      D         d3d_disp.cpp:1166 real_choose_bitmap_format        [   0.21118] Fake format
d3d      D         d3d_disp.cpp:1166 real_choose_bitmap_format        [   0.21120] Fake format
d3d      D         d3d_disp.cpp:1166 real_choose_bitmap_format        [   0.21122] Fake format
d3d      D         d3d_disp.cpp:1166 real_choose_bitmap_format        [   0.21123] Fake format
d3d      D         d3d_disp.cpp:1166 real_choose_bitmap_format        [   0.21125] Fake format
d3d      D         d3d_disp.cpp:1166 real_choose_bitmap_format        [   0.21127] Fake format
d3d      D         d3d_disp.cpp:1174 real_choose_bitmap_format        [   0.21129] Alpha doesn't match
d3d      D         d3d_disp.cpp:1181 real_choose_bitmap_format        [   0.21131] Adapter format is 23
d3d      D         d3d_disp.cpp:1184 real_choose_bitmap_format        [   0.21133] Found a format
d3d      I         d3d_disp.cpp:2283 _al_d3d_create_bitmap            [   0.21135] Chose bitmap format 9
dtor     D               dtor.c:184  _al_register_destructor          [   0.21218] added dtor for object 04F83668, func 0F682595
d3d      D          d3d_bmp.cpp:467  _al_d3d_sync_bitmap              [   0.21518] _al_d3d_sync_bitmap (system) ref count == 1
d3d      D          d3d_bmp.cpp:473  _al_d3d_sync_bitmap              [   0.21522] _al_d3d_sync_bitmap (video) ref count == 1
d3d      D         d3d_disp.cpp:1166 real_choose_bitmap_format        [   0.22265] Fake format
d3d      D         d3d_disp.cpp:1166 real_choose_bitmap_format        [   0.22269] Fake format
d3d      D         d3d_disp.cpp:1166 real_choose_bitmap_format        [   0.22271] Fake format
d3d      D         d3d_disp.cpp:1166 real_choose_bitmap_format        [   0.22273] Fake format
d3d      D         d3d_disp.cpp:1166 real_choose_bitmap_format        [   0.22275] Fake format
d3d      D         d3d_disp.cpp:1166 real_choose_bitmap_format        [   0.22277] Fake format
d3d      D         d3d_disp.cpp:1166 real_choose_bitmap_format        [   0.22278] Fake format
d3d      D         d3d_disp.cpp:1166 real_choose_bitmap_format        [   0.22280] Fake format
d3d      D         d3d_disp.cpp:1166 real_choose_bitmap_format        [   0.22282] Fake format
d3d      D         d3d_disp.cpp:1174 real_choose_bitmap_format        [   0.22284] Alpha doesn't match
d3d      D         d3d_disp.cpp:1181 real_choose_bitmap_format        [   0.22286] Adapter format is 23
d3d      D         d3d_disp.cpp:1184 real_choose_bitmap_format        [   0.22288] Found a format
d3d      I         d3d_disp.cpp:2283 _al_d3d_create_bitmap            [   0.22290] Chose bitmap format 9
dtor     D               dtor.c:184  _al_register_destructor          [   0.22586] added dtor for object 04F84068, func 0F682595
d3d      D          d3d_bmp.cpp:467  _al_d3d_sync_bitmap              [   0.27631] _al_d3d_sync_bitmap (system) ref count == 1
d3d      D          d3d_bmp.cpp:473  _al_d3d_sync_bitmap              [   0.27640] _al_d3d_sync_bitmap (video) ref count == 1
d3d      D         d3d_disp.cpp:1166 real_choose_bitmap_format        [   0.33219] Fake format
d3d      D         d3d_disp.cpp:1166 real_choose_bitmap_format        [   0.33223] Fake format
d3d      D         d3d_disp.cpp:1166 real_choose_bitmap_format        [   0.33225] Fake format
d3d      D         d3d_disp.cpp:1166 real_choose_bitmap_format        [   0.33227] Fake format
d3d      D         d3d_disp.cpp:1166 real_choose_bitmap_format        [   0.33229] Fake format
d3d      D         d3d_disp.cpp:1166 real_choose_bitmap_format        [   0.33231] Fake format
d3d      D         d3d_disp.cpp:1166 real_choose_bitmap_format        [   0.33233] Fake format
d3d      D         d3d_disp.cpp:1166 real_choose_bitmap_format        [   0.33234] Fake format
d3d      D         d3d_disp.cpp:1166 real_choose_bitmap_format        [   0.33236] Fake format
d3d      D         d3d_disp.cpp:1174 real_choose_bitmap_format        [   0.33239] Alpha doesn't match
d3d      D         d3d_disp.cpp:1181 real_choose_bitmap_format        [   0.33242] Adapter format is 23
d3d      D         d3d_disp.cpp:1184 real_choose_bitmap_format        [   0.33244] Found a format
d3d      I         d3d_disp.cpp:2283 _al_d3d_create_bitmap            [   0.33246] Chose bitmap format 9
dtor     D               dtor.c:184  _al_register_destructor          [   0.34518] added dtor for object 04F84468, func 0F682595
d3d      D          d3d_bmp.cpp:467  _al_d3d_sync_bitmap              [   0.43660] _al_d3d_sync_bitmap (system) ref count == 1
d3d      D          d3d_bmp.cpp:473  _al_d3d_sync_bitmap              [   0.43666] _al_d3d_sync_bitmap (video) ref count == 1
d3d      D          d3d_bmp.cpp:467  _al_d3d_sync_bitmap              [   0.59757] _al_d3d_sync_bitmap (system) ref count == 1
d3d      D          d3d_bmp.cpp:473  _al_d3d_sync_bitmap              [   0.59769] _al_d3d_sync_bitmap (video) ref count == 1
d3d      D         d3d_disp.cpp:1166 real_choose_bitmap_format        [   0.94306] Fake format
d3d      D         d3d_disp.cpp:1166 real_choose_bitmap_format        [   0.94309] Fake format
d3d      D         d3d_disp.cpp:1166 real_choose_bitmap_format        [   0.94312] Fake format
d3d      D         d3d_disp.cpp:1166 real_choose_bitmap_format        [   0.94314] Fake format
d3d      D         d3d_disp.cpp:1166 real_choose_bitmap_format        [   0.94316] Fake format
d3d      D         d3d_disp.cpp:1166 real_choose_bitmap_format        [   0.94317] Fake format
d3d      D         d3d_disp.cpp:1166 real_choose_bitmap_format        [   0.94319] Fake format
d3d      D         d3d_disp.cpp:1166 real_choose_bitmap_format        [   0.94320] Fake format
d3d      D         d3d_disp.cpp:1166 real_choose_bitmap_format        [   0.94322] Fake format
d3d      D         d3d_disp.cpp:1174 real_choose_bitmap_format        [   0.94323] Alpha doesn't match
d3d      D         d3d_disp.cpp:1181 real_choose_bitmap_format        [   0.94325] Adapter format is 23
d3d      D         d3d_disp.cpp:1184 real_choose_bitmap_format        [   0.94327] Found a format
d3d      I         d3d_disp.cpp:2283 _al_d3d_create_bitmap            [   0.94329] Chose bitmap format 9
dtor     D               dtor.c:184  _al_register_destructor          [   0.94344] added dtor for object 04F82F68, func 0F682595
d3d      D          d3d_bmp.cpp:467  _al_d3d_sync_bitmap              [   0.94643] _al_d3d_sync_bitmap (system) ref count == 1
d3d      D          d3d_bmp.cpp:473  _al_d3d_sync_bitmap              [   0.94647] _al_d3d_sync_bitmap (video) ref count == 1
d3d      D         d3d_disp.cpp:1166 real_choose_bitmap_format        [   0.95015] Fake format
d3d      D         d3d_disp.cpp:1166 real_choose_bitmap_format        [   0.95020] Fake format
d3d      D         d3d_disp.cpp:1166 real_choose_bitmap_format        [   0.95024] Fake format
d3d      D         d3d_disp.cpp:1166 real_choose_bitmap_format        [   0.95026] Fake format
d3d      D         d3d_disp.cpp:1166 real_choose_bitmap_format        [   0.95028] Fake format
d3d      D         d3d_disp.cpp:1166 real_choose_bitmap_format        [   0.95029] Fake format
d3d      D         d3d_disp.cpp:1166 real_choose_bitmap_format        [   0.95031] Fake format
d3d      D         d3d_disp.cpp:1166 real_choose_bitmap_format        [   0.95032] Fake format
d3d      D         d3d_disp.cpp:1166 real_choose_bitmap_format        [   0.95034] Fake format
d3d      D         d3d_disp.cpp:1174 real_choose_bitmap_format        [   0.95036] Alpha doesn't match
d3d      D         d3d_disp.cpp:1181 real_choose_bitmap_format        [   0.95037] Adapter format is 23
d3d      D         d3d_disp.cpp:1184 real_choose_bitmap_format        [   0.95040] Found a format
d3d      I         d3d_disp.cpp:2283 _al_d3d_create_bitmap            [   0.95041] Chose bitmap format 9
dtor     D               dtor.c:184  _al_register_destructor          [   0.95221] added dtor for object 04F83768, func 0F682595
d3d      D          d3d_bmp.cpp:467  _al_d3d_sync_bitmap              [   0.95258] _al_d3d_sync_bitmap (system) ref count == 1
d3d      D          d3d_bmp.cpp:473  _al_d3d_sync_bitmap              [   0.95262] _al_d3d_sync_bitmap (video) ref count == 1
d3d      D          d3d_bmp.cpp:467  _al_d3d_sync_bitmap              [   0.95353] _al_d3d_sync_bitmap (system) ref count == 1
d3d      D          d3d_bmp.cpp:473  _al_d3d_sync_bitmap              [   0.95357] _al_d3d_sync_bitmap (video) ref count == 1
d3d      D          d3d_bmp.cpp:467  _al_d3d_sync_bitmap              [   0.95655] _al_d3d_sync_bitmap (system) ref count == 1
d3d      D          d3d_bmp.cpp:473  _al_d3d_sync_bitmap              [   0.95660] _al_d3d_sync_bitmap (video) ref count == 1
d3d      D          d3d_bmp.cpp:467  _al_d3d_sync_bitmap              [   0.95734] _al_d3d_sync_bitmap (system) ref count == 1
d3d      D          d3d_bmp.cpp:473  _al_d3d_sync_bitmap              [   0.95739] _al_d3d_sync_bitmap (video) ref count == 1
d3d      D          d3d_bmp.cpp:467  _al_d3d_sync_bitmap              [   0.95817] _al_d3d_sync_bitmap (system) ref count == 1
d3d      D          d3d_bmp.cpp:473  _al_d3d_sync_bitmap              [   0.95823] _al_d3d_sync_bitmap (video) ref count == 1
d3d      D          d3d_bmp.cpp:467  _al_d3d_sync_bitmap              [   0.95894] _al_d3d_sync_bitmap (system) ref count == 1
d3d      D          d3d_bmp.cpp:473  _al_d3d_sync_bitmap              [   0.95898] _al_d3d_sync_bitmap (video) ref count == 1
d3d      D          d3d_bmp.cpp:467  _al_d3d_sync_bitmap              [   0.95994] _al_d3d_sync_bitmap (system) ref count == 1
d3d      D          d3d_bmp.cpp:473  _al_d3d_sync_bitmap              [   0.95998] _al_d3d_sync_bitmap (video) ref count == 1
d3d      D          d3d_bmp.cpp:467  _al_d3d_sync_bitmap              [   0.96056] _al_d3d_sync_bitmap (system) ref count == 1
d3d      D          d3d_bmp.cpp:473  _al_d3d_sync_bitmap              [   0.96061] _al_d3d_sync_bitmap (video) ref count == 1
d3d      D          d3d_bmp.cpp:467  _al_d3d_sync_bitmap              [   0.96118] _al_d3d_sync_bitmap (system) ref count == 1
d3d      D          d3d_bmp.cpp:473  _al_d3d_sync_bitmap              [   0.96122] _al_d3d_sync_bitmap (video) ref count == 1
d3d      D          d3d_bmp.cpp:467  _al_d3d_sync_bitmap              [   0.96181] _al_d3d_sync_bitmap (system) ref count == 1
d3d      D          d3d_bmp.cpp:473  _al_d3d_sync_bitmap              [   0.96185] _al_d3d_sync_bitmap (video) ref count == 1
d3d      D          d3d_bmp.cpp:467  _al_d3d_sync_bitmap              [   0.96298] _al_d3d_sync_bitmap (system) ref count == 1
d3d      D          d3d_bmp.cpp:473  _al_d3d_sync_bitmap              [   0.96302] _al_d3d_sync_bitmap (video) ref count == 1
d3d      D          d3d_bmp.cpp:467  _al_d3d_sync_bitmap              [   0.97497] _al_d3d_sync_bitmap (system) ref count == 1
d3d      D          d3d_bmp.cpp:473  _al_d3d_sync_bitmap              [   0.97503] _al_d3d_sync_bitmap (video) ref count == 2
d3d      D          d3d_bmp.cpp:467  _al_d3d_sync_bitmap              [   1.03296] _al_d3d_sync_bitmap (system) ref count == 1
d3d      D          d3d_bmp.cpp:473  _al_d3d_sync_bitmap              [   1.03303] _al_d3d_sync_bitmap (video) ref count == 1
d3d      D          d3d_bmp.cpp:467  _al_d3d_sync_bitmap              [   1.03403] _al_d3d_sync_bitmap (system) ref count == 1
d3d      D          d3d_bmp.cpp:473  _al_d3d_sync_bitmap              [   1.03408] _al_d3d_sync_bitmap (video) ref count == 1
dtor     D               dtor.c:184  _al_register_destructor          [   1.03664] added dtor for object 046D6EB0, func 0F6827A7
dtor     D               dtor.c:184  _al_register_destructor          [   1.03670] added dtor for object 0031FC98, func 0F6824D2
d3d      D         d3d_disp.cpp:1166 real_choose_bitmap_format        [   1.06964] Fake format
d3d      D         d3d_disp.cpp:1166 real_choose_bitmap_format        [   1.06971] Fake format
d3d      D         d3d_disp.cpp:1166 real_choose_bitmap_format        [   1.06977] Fake format
d3d      D         d3d_disp.cpp:1166 real_choose_bitmap_format        [   1.06981] Fake format
d3d      D         d3d_disp.cpp:1166 real_choose_bitmap_format        [   1.06985] Fake format
d3d      D         d3d_disp.cpp:1166 real_choose_bitmap_format        [   1.06988] Fake format
d3d      D         d3d_disp.cpp:1166 real_choose_bitmap_format        [   1.06991] Fake format
d3d      D         d3d_disp.cpp:1166 real_choose_bitmap_format        [   1.06994] Fake format
d3d      D         d3d_disp.cpp:1166 real_choose_bitmap_format        [   1.06997] Fake format
d3d      D         d3d_disp.cpp:1174 real_choose_bitmap_format        [   1.06999] Alpha doesn't match
d3d      D         d3d_disp.cpp:1181 real_choose_bitmap_format        [   1.07002] Adapter format is 23
d3d      D         d3d_disp.cpp:1184 real_choose_bitmap_format        [   1.07004] Found a format
d3d      I         d3d_disp.cpp:2283 _al_d3d_create_bitmap            [   1.07007] Chose bitmap format 9
font     D                ttf.c:217  alloc_glyph_region               [   1.07098] Glyph 75: 12x13 (12x16)
d3d      D          d3d_bmp.cpp:467  _al_d3d_sync_bitmap              [   1.07146] _al_d3d_sync_bitmap (system) ref count == 1
d3d      D          d3d_bmp.cpp:473  _al_d3d_sync_bitmap              [   1.07150] _al_d3d_sync_bitmap (video) ref count == 2
font     D                ttf.c:217  alloc_glyph_region               [   1.07366] Glyph 92: 10x10 (12x12)
font     D                ttf.c:217  alloc_glyph_region               [   1.07378] Glyph 88: 9x10 (12x12)
font     D                ttf.c:217  alloc_glyph_region               [   1.07387] Glyph 100: 13x11 (16x12)
font     D                ttf.c:406  cache_glyph                      [   1.07390] Glyph 3 has zero size.
font     D                ttf.c:217  alloc_glyph_region               [   1.07399] Glyph 62: 12x13 (12x16)
font     D                ttf.c:217  alloc_glyph_region               [   1.07405] Glyph 101: 9x11 (12x12)
font     D                ttf.c:217  alloc_glyph_region               [   1.07414] Glyph 106: 9x10 (12x12)
font     D                ttf.c:217  alloc_glyph_region               [   1.07420] Glyph 96: 6x13 (8x16)
font     D                ttf.c:217  alloc_glyph_region               [   1.07437] Glyph 109: 11x10 (12x12)
d3d      D          d3d_bmp.cpp:467  _al_d3d_sync_bitmap              [   1.07460] _al_d3d_sync_bitmap (system) ref count == 1
d3d      D          d3d_bmp.cpp:473  _al_d3d_sync_bitmap              [   1.07463] _al_d3d_sync_bitmap (video) ref count == 2
font     D                ttf.c:217  alloc_glyph_region               [   1.07566] Glyph 105: 7x11 (8x12)
font     D                ttf.c:217  alloc_glyph_region               [   1.07574] Glyph 37: 5x5 (8x8)
font     D                ttf.c:217  alloc_glyph_region               [   1.07580] Glyph 99: 4x13 (4x16)
font     D                ttf.c:217  alloc_glyph_region               [   1.07588] Glyph 103: 9x13 (12x16)
font     D                ttf.c:217  alloc_glyph_region               [   1.07595] Glyph 95: 9x13 (12x16)
font     D                ttf.c:217  alloc_glyph_region               [   1.07613] Glyph 71: 33x41 (36x44)
d3d      D          d3d_bmp.cpp:467  _al_d3d_sync_bitmap              [   1.07636] _al_d3d_sync_bitmap (system) ref count == 1
d3d      D          d3d_bmp.cpp:473  _al_d3d_sync_bitmap              [   1.07640] _al_d3d_sync_bitmap (video) ref count == 2
font     D                ttf.c:217  alloc_glyph_region               [   1.07771] Glyph 80: 42x41 (44x44)
font     D                ttf.c:217  alloc_glyph_region               [   1.07796] Glyph 60: 32x41 (32x44)
d3d      D          d3d_bmp.cpp:467  _al_d3d_sync_bitmap              [   1.07818] _al_d3d_sync_bitmap (system) ref count == 1
d3d      D          d3d_bmp.cpp:473  _al_d3d_sync_bitmap              [   1.07822] _al_d3d_sync_bitmap (video) ref count == 2
font     D                ttf.c:217  alloc_glyph_region               [   1.07941] Glyph 79: 40x41 (40x44)
font     D                ttf.c:217  alloc_glyph_region               [   1.07953] Glyph 75: 35x41 (36x44)
d3d      D          d3d_bmp.cpp:467  _al_d3d_sync_bitmap              [   1.07991] _al_d3d_sync_bitmap (system) ref count == 1
d3d      D          d3d_bmp.cpp:473  _al_d3d_sync_bitmap              [   1.07994] _al_d3d_sync_bitmap (video) ref count == 2
d3d      D          d3d_bmp.cpp:467  _al_d3d_sync_bitmap              [   1.08061] _al_d3d_sync_bitmap (system) ref count == 1
d3d      D          d3d_bmp.cpp:473  _al_d3d_sync_bitmap              [   1.08065] _al_d3d_sync_bitmap (video) ref count == 2
